{
  "Unit Tests": {
    "coverage": {
    },
    "timestamp": 1406728398
  },
  "RSpec": {
    "coverage": {
      "/Users/markjacobs/projects/running_logger/spec/controllers/log_import_controller_spec.rb": [
        1,
        null,
        1,
        null,
        null
      ],
      "/Users/markjacobs/projects/running_logger/spec/rails_helper.rb": [
        null,
        1,
        1,
        1,
        1,
        null,
        null,
        null,
        null,
        null,
        null,
        null,
        null,
        2,
        null,
        null,
        null,
        1,
        null,
        1,
        null,
        1,
        null,
        null,
        null,
        null,
        1,
        null,
        null,
        null,
        null,
        null,
        null,
        null,
        null,
        null,
        null,
        null,
        null,
        null,
        null,
        1,
        null
      ],
      "/Users/markjacobs/projects/running_logger/config/environment.rb": [
        null,
        1,
        null,
        null,
        1
      ],
      "/Users/markjacobs/projects/running_logger/config/application.rb": [
        1,
        null,
        1,
        null,
        null,
        null,
        1,
        null,
        null,
        1,
        1,
        null,
        null,
        1,
        1,
        null,
        null,
        null,
        null,
        null,
        null,
        null,
        null,
        null,
        null,
        null,
        null,
        null,
        null
      ],
      "/Users/markjacobs/projects/running_logger/config/boot.rb": [
        null,
        1,
        null,
        1
      ],
      "/Users/markjacobs/projects/running_logger/config/environments/test.rb": [
        1,
        null,
        null,
        null,
        null,
        null,
        null,
        1,
        null,
        null,
        null,
        null,
        1,
        null,
        null,
        1,
        1,
        null,
        null,
        1,
        1,
        null,
        null,
        1,
        null,
        null,
        1,
        null,
        null,
        null,
        null,
        1,
        null,
        null,
        1,
        null,
        null,
        null,
        null
      ],
      "/Users/markjacobs/projects/running_logger/config/initializers/backtrace_silencers.rb": [
        null,
        null,
        null,
        null,
        null,
        null,
        null
      ],
      "/Users/markjacobs/projects/running_logger/config/initializers/cookies_serializer.rb": [
        null,
        null,
        1
      ],
      "/Users/markjacobs/projects/running_logger/config/initializers/filter_parameter_logging.rb": [
        null,
        null,
        null,
        1
      ],
      "/Users/markjacobs/projects/running_logger/config/initializers/inflections.rb": [
        null,
        null,
        null,
        null,
        null,
        null,
        null,
        null,
        null,
        null,
        null,
        null,
        null,
        null,
        null,
        null
      ],
      "/Users/markjacobs/projects/running_logger/config/initializers/mime_types.rb": [
        null,
        null,
        null,
        null
      ],
      "/Users/markjacobs/projects/running_logger/config/initializers/session_store.rb": [
        null,
        null,
        1
      ],
      "/Users/markjacobs/projects/running_logger/config/initializers/wrap_parameters.rb": [
        null,
        null,
        null,
        null,
        null,
        null,
        1,
        1,
        null,
        null,
        null,
        null,
        null,
        null
      ],
      "/Users/markjacobs/projects/running_logger/spec/factories/factories.rb": [
        1,
        null,
        1,
        29,
        156,
        1,
        1,
        1,
        1,
        null,
        null,
        1,
        55,
        null,
        null,
        1,
        57,
        null,
        null,
        1,
        1,
        1,
        null,
        null,
        null,
        1,
        1,
        1,
        1,
        null,
        1,
        1,
        null,
        null,
        1,
        1,
        1,
        null,
        null,
        1,
        1,
        1,
        null,
        null,
        null,
        1,
        191,
        120,
        1,
        1,
        1,
        1,
        null,
        1,
        1,
        null,
        null,
        null,
        1,
        126,
        126,
        89,
        1,
        1,
        null,
        1,
        1,
        null,
        null,
        1,
        1,
        1,
        null,
        null,
        null,
        1,
        1,
        17,
        null,
        null,
        null,
        1,
        1,
        0,
        null,
        null,
        null,
        1,
        1,
        7,
        7,
        null,
        null,
        null,
        1,
        1,
        11,
        null,
        null,
        null,
        1,
        1,
        1,
        null,
        null,
        null,
        1,
        1,
        25,
        null,
        null,
        null,
        1,
        1,
        21,
        null,
        null,
        null,
        1,
        1,
        1,
        null,
        null,
        null,
        1,
        1,
        5,
        null,
        null,
        null,
        1,
        1,
        4,
        null,
        null,
        null,
        1,
        1,
        2,
        null,
        null,
        null,
        null
      ],
      "/Users/markjacobs/projects/running_logger/config/routes.rb": [
        1,
        null,
        null,
        1,
        1,
        1,
        1,
        null,
        null,
        1,
        null,
        1,
        1,
        1,
        1,
        1,
        1,
        1,
        1,
        1,
        1,
        1,
        1,
        1,
        1,
        null,
        null,
        null,
        null,
        null,
        null,
        null,
        null,
        null,
        null,
        null,
        null,
        null,
        null,
        null,
        null,
        null,
        null,
        null,
        null,
        null,
        null,
        null,
        null,
        null,
        null,
        null,
        null,
        null,
        null,
        null,
        null,
        null,
        null,
        null,
        null,
        null,
        null,
        null,
        null,
        null,
        null,
        null,
        null,
        null,
        null,
        null,
        null,
        null,
        null,
        null,
        null,
        null,
        null,
        null,
        null
      ],
      "/Users/markjacobs/projects/running_logger/app/helpers/application_helper.rb": [
        1,
        null
      ],
      "/Users/markjacobs/projects/running_logger/app/helpers/log_import_helper.rb": [
        1,
        null
      ],
      "/Users/markjacobs/projects/running_logger/app/helpers/logs_helper.rb": [
        1,
        null
      ],
      "/Users/markjacobs/projects/running_logger/app/helpers/phases_helper.rb": [
        1,
        null
      ],
      "/Users/markjacobs/projects/running_logger/app/helpers/races_helper.rb": [
        1,
        null
      ],
      "/Users/markjacobs/projects/running_logger/app/helpers/sessions_helper.rb": [
        1,
        1,
        0,
        0,
        0,
        0,
        null,
        null,
        1,
        0,
        null,
        null,
        1,
        71,
        71,
        null,
        null,
        1,
        26,
        null,
        null,
        1,
        41,
        null,
        null,
        1,
        0,
        0,
        0,
        null,
        null
      ],
      "/Users/markjacobs/projects/running_logger/app/helpers/users_helper.rb": [
        1,
        null
      ],
      "/Users/markjacobs/projects/running_logger/app/helpers/welcome_helper.rb": [
        1,
        null
      ],
      "/Users/markjacobs/projects/running_logger/spec/support/utilities.rb": [
        1,
        null,
        1,
        26,
        null,
        26,
        26,
        26,
        null,
        0,
        0,
        0,
        0,
        null,
        null
      ],
      "/Users/markjacobs/projects/running_logger/app/controllers/log_import_controller.rb": [
        1,
        1,
        null,
        1,
        null,
        null,
        null,
        1,
        0,
        0,
        null,
        0,
        0,
        null,
        null,
        null,
        1,
        null,
        1,
        0,
        null,
        null
      ],
      "/Users/markjacobs/projects/running_logger/app/controllers/application_controller.rb": [
        1,
        null,
        null,
        1,
        1,
        null
      ],
      "/Users/markjacobs/projects/running_logger/spec/controllers/phases_controller_spec.rb": [
        1,
        null,
        1,
        null,
        15,
        4,
        2,
        1,
        null,
        1,
        null,
        1,
        null,
        1,
        1,
        1,
        null,
        null,
        null,
        1,
        null,
        1,
        1,
        1,
        null,
        null,
        null,
        1,
        null,
        1,
        1,
        null,
        null,
        null,
        1,
        null,
        1,
        1,
        1,
        1,
        null,
        null,
        null,
        1,
        null,
        1,
        1,
        1,
        1,
        null,
        null,
        null,
        1,
        null,
        1,
        1,
        1,
        1,
        null,
        null,
        null,
        null,
        1,
        null,
        11,
        null,
        1,
        null,
        1,
        5,
        null,
        null,
        1,
        1,
        null,
        null,
        1,
        1,
        3,
        null,
        null,
        1,
        1,
        2,
        null,
        null,
        1,
        1,
        null,
        null,
        1,
        1,
        null,
        null,
        null,
        1,
        1,
        2,
        null,
        null,
        1,
        1,
        null,
        null,
        1,
        1,
        null,
        null,
        null,
        1,
        null,
        1,
        1,
        1,
        null,
        null,
        1,
        1,
        null,
        null,
        null,
        1,
        2,
        null,
        1,
        1,
        null,
        null,
        1,
        1,
        null,
        null,
        null,
        null,
        1,
        null,
        1,
        1,
        1,
        null,
        null,
        null,
        1,
        null,
        1,
        null,
        1,
        null,
        1,
        null,
        1,
        null,
        null,
        null,
        null,
        1,
        1,
        1,
        1,
        null,
        null,
        1,
        1,
        null,
        null,
        null
      ],
      "/Users/markjacobs/projects/running_logger/app/controllers/phases_controller.rb": [
        1,
        1,
        1,
        null,
        1,
        2,
        null,
        null,
        1,
        2,
        2,
        1,
        null,
        1,
        null,
        null,
        null,
        1,
        1,
        1,
        null,
        null,
        1,
        0,
        0,
        0,
        0,
        null,
        0,
        null,
        null,
        null,
        1,
        6,
        6,
        6,
        null,
        null,
        1,
        0,
        0,
        0,
        null,
        0,
        null,
        null,
        null,
        1,
        null,
        1,
        17,
        null,
        null,
        1,
        11,
        11,
        null,
        null,
        1,
        2,
        null,
        null,
        1,
        12,
        null,
        null
      ],
      "/Users/markjacobs/projects/running_logger/spec/controllers/races_controller_spec.rb": [
        1,
        1,
        null,
        1,
        null,
        26,
        26,
        26,
        26,
        26,
        26,
        26,
        26,
        null,
        26,
        null,
        1,
        1,
        1,
        1,
        1,
        null,
        null,
        null,
        null,
        1,
        null,
        1,
        1,
        1,
        1,
        null,
        null,
        null,
        1,
        3,
        null,
        3,
        null,
        1,
        1,
        null,
        null,
        1,
        1,
        null,
        null,
        null,
        1,
        3,
        null,
        1,
        2,
        2,
        null,
        null,
        1,
        1,
        null,
        null,
        1,
        1,
        null,
        null,
        null,
        1,
        1,
        1,
        1,
        null,
        null,
        null,
        1,
        2,
        1,
        null,
        1,
        null,
        null,
        null,
        1,
        3,
        null,
        3,
        null,
        1,
        1,
        null,
        null,
        null,
        1,
        1,
        null,
        null,
        null,
        null,
        1,
        null,
        1,
        15,
        15,
        null,
        null,
        1,
        3,
        null,
        1,
        1,
        null,
        null,
        1,
        1,
        null,
        null,
        null,
        1,
        3,
        null,
        1,
        1,
        null,
        null,
        1,
        1,
        null,
        null,
        null,
        1,
        4,
        null,
        1,
        3,
        3,
        null,
        null,
        1,
        null,
        null,
        null,
        1,
        1,
        null,
        null,
        1,
        1,
        null,
        null,
        null,
        1,
        null,
        1,
        1,
        1,
        null,
        null,
        null,
        null,
        null,
        null,
        null,
        null,
        null,
        null,
        null,
        null,
        null,
        1,
        2,
        null,
        1,
        4,
        null,
        null,
        null,
        1,
        5,
        1,
        1,
        null,
        null,
        1,
        5,
        1,
        null,
        null,
        1,
        1,
        1,
        2,
        2,
        null,
        null,
        null,
        1,
        3,
        null,
        null,
        null,
        1,
        1,
        2,
        null,
        1,
        1,
        1,
        null,
        null,
        null,
        1,
        2,
        null,
        1,
        1,
        1,
        null,
        null,
        null,
        null,
        null
      ],
      "/Users/markjacobs/projects/running_logger/app/controllers/races_controller.rb": [
        null,
        1,
        1,
        1,
        1,
        1,
        null,
        null,
        1,
        2,
        2,
        null,
        null,
        1,
        3,
        3,
        3,
        null,
        0,
        null,
        null,
        null,
        1,
        2,
        2,
        null,
        null,
        1,
        1,
        1,
        null,
        0,
        null,
        null,
        null,
        1,
        1,
        0,
        null,
        null,
        null,
        1,
        0,
        0,
        0,
        null,
        0,
        null,
        null,
        null,
        1,
        4,
        null,
        null,
        1,
        2,
        2,
        null,
        null,
        1,
        null,
        1,
        3,
        null,
        null,
        1,
        24,
        null,
        null,
        1,
        15,
        15,
        null,
        null,
        1,
        15,
        null,
        null,
        1,
        2,
        null,
        null,
        1,
        10,
        null,
        null
      ],
      "/Users/markjacobs/projects/running_logger/spec/controllers/sessions_controller_spec.rb": [
        1,
        null,
        1,
        null,
        null,
        null
      ],
      "/Users/markjacobs/projects/running_logger/app/controllers/sessions_controller.rb": [
        1,
        null,
        1,
        null,
        null,
        1,
        0,
        0,
        0,
        0,
        null,
        0,
        0,
        null,
        null,
        null,
        1,
        0,
        0,
        null,
        null
      ],
      "/Users/markjacobs/projects/running_logger/spec/managers/common_manager_spec.rb": [
        1,
        null,
        1,
        null,
        9,
        null,
        1,
        null,
        1,
        1,
        null,
        null,
        1,
        1,
        null,
        null,
        1,
        1,
        null,
        null,
        1,
        1,
        null,
        null,
        null,
        1,
        null,
        1,
        1,
        null,
        null,
        1,
        1,
        null,
        null,
        1,
        1,
        null,
        null,
        1,
        1,
        null,
        null,
        null,
        null
      ],
      "/Users/markjacobs/projects/running_logger/app/managers/common_manager.rb": [
        1,
        1,
        154,
        null,
        null,
        1,
        28,
        null,
        null
      ],
      "/Users/markjacobs/projects/running_logger/spec/managers/logs_manager_spec.rb": [
        1,
        null,
        1,
        null,
        17,
        12,
        2,
        5,
        2,
        null,
        1,
        null,
        1,
        1,
        1,
        1,
        4,
        1,
        1,
        null,
        null,
        null,
        null,
        1,
        1,
        1,
        null,
        null,
        null,
        1,
        null,
        1,
        1,
        1,
        1,
        1,
        1,
        1,
        null,
        null,
        null,
        1,
        1,
        1,
        1,
        null,
        null,
        null,
        null,
        1,
        null,
        1,
        null,
        1,
        1,
        null,
        null,
        1,
        1,
        1,
        null,
        null,
        1,
        1,
        1,
        1,
        1,
        null,
        null,
        null,
        null,
        1,
        null,
        1,
        null,
        1,
        1,
        null,
        null,
        null,
        1,
        null,
        1,
        1,
        1,
        null,
        null,
        1,
        1,
        1,
        7,
        1,
        0,
        null,
        1,
        null,
        null,
        null,
        null,
        null,
        null,
        null,
        1,
        null,
        1,
        null,
        1,
        1,
        1,
        null,
        null,
        null,
        1,
        null,
        1,
        1,
        1,
        null,
        null,
        null,
        null,
        1,
        null,
        1,
        null,
        1,
        1,
        1,
        1,
        1,
        1,
        1,
        null,
        null,
        null,
        1,
        null,
        1,
        1,
        1,
        1,
        1,
        1,
        1,
        null,
        null,
        null,
        null,
        1,
        null,
        1,
        null,
        1,
        1,
        1,
        1,
        1,
        null,
        null,
        null,
        1,
        null,
        1,
        1,
        null,
        null,
        null,
        null
      ],
      "/Users/markjacobs/projects/running_logger/app/managers/logs_manager.rb": [
        1,
        null,
        null,
        1,
        4,
        4,
        4,
        28,
        14,
        2,
        null,
        null,
        null,
        4,
        null,
        null,
        null,
        1,
        2,
        2,
        null,
        null,
        null,
        1,
        3,
        null,
        null,
        null,
        1,
        3,
        3,
        3,
        21,
        14,
        2,
        null,
        null,
        null,
        3,
        null,
        null,
        null,
        1,
        2,
        2,
        null,
        null,
        1,
        2,
        2,
        2,
        2,
        2,
        2,
        2,
        14,
        14,
        14,
        14,
        null,
        2,
        null,
        2,
        null,
        null,
        1,
        null,
        null,
        null,
        5,
        5,
        null,
        null,
        null
      ],
      "/Users/markjacobs/projects/running_logger/spec/managers/phases_manager_spec.rb": [
        1,
        null,
        1,
        null,
        12,
        2,
        3,
        2,
        8,
        2,
        2,
        null,
        1,
        null,
        1,
        null,
        1,
        1,
        null,
        null,
        null,
        1,
        null,
        1,
        1,
        null,
        null,
        null,
        null,
        1,
        null,
        1,
        null,
        1,
        1,
        1,
        null,
        null,
        1,
        1,
        1,
        1,
        null,
        null,
        1,
        1,
        1,
        1,
        null,
        null,
        1,
        1,
        1,
        1,
        null,
        null,
        1,
        1,
        1,
        1,
        null,
        null,
        null,
        1,
        null,
        1,
        1,
        1,
        1,
        null,
        null,
        null,
        null,
        1,
        null,
        1,
        1,
        1,
        null,
        null,
        1,
        1,
        1,
        1,
        null,
        null,
        null,
        1,
        null,
        1,
        1,
        1,
        1,
        1,
        1,
        null,
        null,
        null,
        1,
        null,
        1,
        1,
        null,
        null,
        1,
        1,
        1,
        1,
        1,
        1,
        1,
        1,
        1,
        null,
        null,
        null
      ],
      "/Users/markjacobs/projects/running_logger/app/managers/phases_manager.rb": [
        1,
        1,
        0,
        0,
        0,
        null,
        0,
        null,
        null,
        null,
        1,
        null,
        null,
        6,
        3,
        null,
        3,
        null,
        null,
        null,
        null,
        1,
        9,
        9,
        9,
        15,
        15,
        15,
        null,
        9,
        null,
        null,
        null,
        1,
        19,
        19,
        26,
        null,
        0,
        null,
        1,
        null,
        0,
        null,
        0,
        null,
        1,
        null,
        1,
        null,
        17,
        null,
        0,
        null,
        5,
        null,
        0,
        null,
        0,
        null,
        0,
        null,
        1,
        null,
        26,
        null,
        19,
        null,
        null,
        null,
        1,
        14,
        14,
        14,
        14,
        14,
        12,
        12,
        12,
        12,
        3,
        null,
        3,
        null,
        3,
        null,
        3,
        null,
        null,
        14,
        null,
        null,
        1,
        null,
        1,
        27,
        0,
        null,
        27,
        null,
        27,
        27,
        null,
        0,
        null,
        27,
        27,
        27,
        null,
        null,
        null,
        null,
        null,
        null,
        null,
        null,
        null
      ],
      "/Users/markjacobs/projects/running_logger/spec/managers/races_manager_spec.rb": [
        1,
        null,
        1,
        null,
        13,
        11,
        6,
        11,
        4,
        8,
        1,
        12,
        2,
        null,
        1,
        null,
        1,
        null,
        1,
        1,
        null,
        null,
        null,
        1,
        null,
        1,
        3,
        3,
        3,
        3,
        3,
        3,
        3,
        3,
        3,
        null,
        null,
        1,
        1,
        1,
        1,
        null,
        null,
        1,
        1,
        1,
        1,
        null,
        null,
        1,
        1,
        null,
        null,
        null,
        null,
        1,
        1,
        null,
        1,
        1,
        null,
        null,
        null,
        1,
        null,
        1,
        2,
        2,
        2,
        2,
        2,
        2,
        2,
        null,
        null,
        1,
        1,
        1,
        1,
        2,
        2,
        null,
        null,
        null,
        1,
        1,
        1,
        2,
        null,
        null,
        null,
        null,
        null,
        1,
        null,
        1,
        3,
        3,
        3,
        3,
        3,
        3,
        3,
        null,
        null,
        1,
        1,
        1,
        null,
        null,
        1,
        1,
        1,
        3,
        null,
        null,
        null,
        1,
        1,
        1,
        3,
        null,
        null,
        null,
        null,
        1,
        1,
        2,
        2,
        2,
        2,
        2,
        null,
        null,
        1,
        1,
        1,
        null,
        null,
        1,
        1,
        1,
        2,
        null,
        null,
        null,
        null
      ],
      "/Users/markjacobs/projects/running_logger/app/managers/races_manager.rb": [
        1,
        null,
        1,
        4,
        null,
        null,
        null,
        1,
        5,
        null,
        null,
        null,
        1,
        8,
        8,
        null,
        8,
        12,
        12,
        null,
        8,
        null,
        null,
        null,
        1,
        5,
        null,
        null
      ],
      "/Users/markjacobs/projects/running_logger/spec/managers/user_manager_spec.rb": [
        1,
        1,
        null,
        1,
        null,
        5,
        3,
        2,
        2,
        2,
        null,
        1,
        null,
        1,
        1,
        null,
        null,
        1,
        1,
        null,
        null,
        1,
        1,
        null,
        null,
        null,
        1,
        null,
        1,
        1,
        null,
        1,
        null,
        null,
        null
      ],
      "/Users/markjacobs/projects/running_logger/app/managers/users_manager.rb": [
        1,
        null,
        null,
        null,
        1,
        2,
        2,
        2,
        16,
        16,
        16,
        16,
        10,
        null,
        16,
        null,
        2,
        null,
        null,
        null,
        1,
        3,
        3,
        3,
        5,
        null,
        3,
        null,
        null,
        1,
        null,
        1,
        3,
        3,
        3,
        3,
        null,
        null,
        1,
        16,
        16,
        112,
        49,
        7,
        null,
        null,
        null,
        16,
        null,
        null
      ],
      "/Users/markjacobs/projects/running_logger/spec/models/log_spec.rb": [
        1,
        null,
        1,
        null,
        4,
        10,
        null,
        1,
        null,
        1,
        1,
        null,
        null,
        1,
        1,
        1,
        null,
        null,
        1,
        1,
        1,
        null,
        null,
        1,
        1,
        1,
        null,
        null,
        1,
        1,
        1,
        null,
        null,
        1,
        1,
        1,
        null,
        null,
        1,
        1,
        1,
        null,
        null,
        1,
        1,
        1,
        null,
        null,
        1,
        1,
        1,
        null,
        null,
        1,
        1,
        1,
        null,
        null,
        1,
        1,
        1,
        null,
        null,
        null
      ],
      "/Users/markjacobs/projects/running_logger/app/models/log.rb": [
        1,
        1,
        null,
        1,
        null,
        1,
        null,
        1,
        null
      ],
      "/Users/markjacobs/projects/running_logger/spec/models/phase_spec.rb": [
        1,
        null,
        1,
        null,
        6,
        null,
        1,
        null,
        1,
        1,
        null,
        null,
        1,
        1,
        1,
        1,
        null,
        null,
        1,
        1,
        1,
        1,
        null,
        null,
        1,
        1,
        1,
        1,
        1,
        null,
        null,
        1,
        1,
        1,
        1,
        null,
        null,
        null,
        null
      ],
      "/Users/markjacobs/projects/running_logger/app/models/phase.rb": [
        1,
        1,
        null,
        1,
        1,
        1,
        1,
        1,
        null,
        1,
        null,
        1,
        63,
        58,
        null,
        5,
        null,
        null,
        63,
        61,
        28,
        2,
        null,
        28,
        0,
        null,
        28,
        0,
        0,
        null,
        null,
        null,
        null,
        null,
        null,
        1,
        63,
        7,
        null,
        null,
        null,
        1,
        null,
        1,
        63,
        61,
        1,
        null,
        60,
        null,
        61,
        61,
        null,
        null,
        null
      ],
      "/Users/markjacobs/projects/running_logger/spec/models/race_spec.rb": [
        1,
        null,
        1,
        null,
        1,
        null,
        5,
        null,
        1,
        1,
        null,
        null,
        1,
        1,
        1,
        1,
        null,
        null,
        1,
        1,
        1,
        1,
        null,
        null,
        1,
        1,
        1,
        1,
        null,
        null,
        null
      ],
      "/Users/markjacobs/projects/running_logger/app/models/race.rb": [
        1,
        1,
        1,
        1,
        null,
        1,
        null,
        null
      ],
      "/Users/markjacobs/projects/running_logger/spec/models/user_spec.rb": [
        1,
        null,
        1,
        null,
        10,
        1,
        null,
        1,
        null,
        1,
        1,
        null,
        null,
        1,
        1,
        1,
        null,
        null,
        1,
        1,
        1,
        null,
        null,
        1,
        1,
        1,
        null,
        null,
        1,
        1,
        1,
        null,
        null,
        1,
        1,
        1,
        null,
        null,
        1,
        1,
        1,
        1,
        null,
        null,
        1,
        1,
        1,
        1,
        null,
        null,
        1,
        1,
        1,
        null,
        null,
        null
      ],
      "/Users/markjacobs/projects/running_logger/app/models/user.rb": [
        1,
        143,
        1,
        1,
        1,
        1,
        1,
        1,
        null,
        1,
        1,
        1,
        1,
        1,
        1,
        null,
        1,
        142,
        null,
        null,
        1,
        213,
        null,
        null,
        1,
        null,
        1,
        116,
        null,
        null
      ]
    },
    "timestamp": 1406819304
  }
}
